La génération a démarré 09/12/2014 22:51:14.
     1>Projet "C:\Users\yazide\Desktop\S1\Resolution\Morpion\Morpion\Morpion.vcxproj" sur le nœud 2 (Build cible(s)).
     1>ClCompile:
         C:\Program Files (x86)\Microsoft Visual Studio 12.0\VC\bin\CL.exe /c /IC:\Users\yazide\Desktop\S1\Resolution\Morpion\include /Zi /nologo /W3 /WX- /sdl /O2 /Oi /Oy- /GL /D _MBCS /Gm- /EHsc /MD /GS /Gy /fp:precise /Zc:wchar_t /Zc:forScope /Fo"Release\\" /Fd"Release\vc120.pdb" /Gd /TP /analyze- /errorReport:prompt MyControlEngine.cpp
         MyControlEngine.cpp
     1>MyControlEngine.cpp(30): warning C4018: '<' : incompatibilité signed/unsigned
     1>MyControlEngine.cpp(53): warning C4018: '<' : incompatibilité signed/unsigned
     1>MyControlEngine.cpp(54): warning C4018: '<' : incompatibilité signed/unsigned
       Link:
         C:\Program Files (x86)\Microsoft Visual Studio 12.0\VC\bin\link.exe /ERRORREPORT:PROMPT /OUT:"C:\Users\yazide\Desktop\S1\Resolution\Morpion\Release\Morpion.exe" /NOLOGO /LIBPATH:C:\Users\yazide\Desktop\S1\Resolution\Morpion\libWin engine.lib glut32.lib kernel32.lib user32.lib gdi32.lib winspool.lib comdlg32.lib advapi32.lib shell32.lib ole32.lib oleaut32.lib uuid.lib odbc32.lib odbccp32.lib /MANIFEST /MANIFESTUAC:"level='asInvoker' uiAccess='false'" /manifest:embed /DEBUG /PDB:"C:\Users\yazide\Desktop\S1\Resolution\Morpion\Release\Morpion.pdb" /OPT:REF /OPT:ICF /LTCG /TLBID:1 /DYNAMICBASE /NXCOMPAT /IMPLIB:"C:\Users\yazide\Desktop\S1\Resolution\Morpion\Release\Morpion.lib" /MACHINE:X86 /SAFESEH Release\AlphaBeta.obj
         Release\Case.obj
         Release\Grille.obj
         Release\main.obj
         Release\MiniMax.obj
         Release\MyControlEngine.obj
         Release\MyGameEngine.obj
         Release\MyGraphicEngine.obj
         Release\PlayRandom.obj
         Release\Random.obj
         Génération de code en cours
     1>c:\users\yazide\desktop\s1\resolution\morpion\morpion\mycontrolengine.cpp(122): warning C4715: 'MyControlEngine::MachineWin' : les chemins de contrôle ne retournent pas tous une valeur
     1>c:\users\yazide\desktop\s1\resolution\morpion\morpion\mycontrolengine.cpp(98): warning C4715: 'MyControlEngine::playerWin' : les chemins de contrôle ne retournent pas tous une valeur
         Fin de la génération du code
     1>engine.lib(GraphicPrimitives.obj) : warning LNK4099: PDB 'vc120.pdb' n'a pu être trouvé avec 'engine.lib(GraphicPrimitives.obj)' ou sur 'C:\Users\yazide\Desktop\S1\Resolution\Morpion\Release\vc120.pdb' ; l'objet sera lié sans informations de débogage
     1>engine.lib(Engine.obj) : warning LNK4099: PDB 'vc120.pdb' n'a pu être trouvé avec 'engine.lib(Engine.obj)' ou sur 'C:\Users\yazide\Desktop\S1\Resolution\Morpion\Release\vc120.pdb' ; l'objet sera lié sans informations de débogage
     1>engine.lib(ControlEngine.obj) : warning LNK4099: PDB 'vc120.pdb' n'a pu être trouvé avec 'engine.lib(ControlEngine.obj)' ou sur 'C:\Users\yazide\Desktop\S1\Resolution\Morpion\Release\vc120.pdb' ; l'objet sera lié sans informations de débogage
     1>engine.lib(GraphicEngine.obj) : warning LNK4099: PDB 'vc120.pdb' n'a pu être trouvé avec 'engine.lib(GraphicEngine.obj)' ou sur 'C:\Users\yazide\Desktop\S1\Resolution\Morpion\Release\vc120.pdb' ; l'objet sera lié sans informations de débogage
     1>engine.lib(GameEngine.obj) : warning LNK4099: PDB 'vc120.pdb' n'a pu être trouvé avec 'engine.lib(GameEngine.obj)' ou sur 'C:\Users\yazide\Desktop\S1\Resolution\Morpion\Release\vc120.pdb' ; l'objet sera lié sans informations de débogage
         Morpion.vcxproj -> C:\Users\yazide\Desktop\S1\Resolution\Morpion\Release\Morpion.exe
     1>Génération du projet "C:\Users\yazide\Desktop\S1\Resolution\Morpion\Morpion\Morpion.vcxproj" terminée (Build cible(s)).

La génération a réussi.

Temps écoulé 00:00:03.27
