La génération a démarré 02/12/2014 22:18:44.
     1>Projet "C:\Users\yazide\Desktop\S1\Resolution\Morpion\Morpion\Morpion.vcxproj" sur le nœud 2 (Build cible(s)).
     1>ClCompile:
         C:\Program Files (x86)\Microsoft Visual Studio 12.0\VC\bin\CL.exe /c /I..\include /ZI /nologo /W3 /WX- /sdl /Od /Oy- /D _MBCS /Gm /EHsc /RTC1 /MDd /GS /fp:precise /Zc:wchar_t /Zc:forScope /Fo"Debug\\" /Fd"Debug\vc120.pdb" /Gd /TP /analyze- /errorReport:prompt Case.cpp Grille.cpp main.cpp MyGraphicEngine.cpp
         MyGraphicEngine.cpp
         main.cpp
         Grille.cpp
     1>c:\users\yazide\desktop\s1\resolution\morpion\morpion\grille.cpp(36): warning C4018: '<' : incompatibilité signed/unsigned
         Case.cpp
         Génération de code en cours...
       Link:
         C:\Program Files (x86)\Microsoft Visual Studio 12.0\VC\bin\link.exe /ERRORREPORT:PROMPT /OUT:"C:\Users\yazide\Desktop\S1\Resolution\Morpion\Debug\Morpion.exe" /INCREMENTAL /NOLOGO /LIBPATH:C:\Users\yazide\Desktop\S1\Resolution\Morpion\libWin engine.lib glut32.lib kernel32.lib user32.lib gdi32.lib winspool.lib comdlg32.lib advapi32.lib shell32.lib ole32.lib oleaut32.lib uuid.lib odbc32.lib odbccp32.lib /MANIFEST /MANIFESTUAC:"level='asInvoker' uiAccess='false'" /manifest:embed /DEBUG /PDB:"C:\Users\yazide\Desktop\S1\Resolution\Morpion\Debug\Morpion.pdb" /TLBID:1 /DYNAMICBASE /NXCOMPAT /IMPLIB:"C:\Users\yazide\Desktop\S1\Resolution\Morpion\Debug\Morpion.lib" /MACHINE:X86 Debug\Case.obj
         Debug\Grille.obj
         Debug\main.obj
         Debug\MyGraphicEngine.obj
         engine.lib(GraphicPrimitives.obj) : .netmodule ou module MSIL compilé avec /GL trouvé ; redémarrage de l'édition de liens avec /LTCG ; ajoutez /LTCG à la ligne de commande de l'édition de liens pour améliorer les performances de l'Éditeur de liens
     1>LINK : warning LNK4075: ' /INCREMENTAL' ignorÚ Ó cause de la spÚcification '/LTCG'
     1>Case.obj : warning LNK4075: ' /EDITANDCONTINUE' ignorÚ Ó cause de la spÚcification '/OPT:LBR'
     1>engine.lib(GraphicPrimitives.obj) : error LNK2038: discordance dÚtectÚe pour '_ITERATOR_DEBUG_LEVEL'á: la valeur '0' ne correspond pas Ó la valeur '2' in Case.obj
     1>engine.lib(GraphicPrimitives.obj) : error LNK2038: discordance dÚtectÚe pour 'RuntimeLibrary'á: la valeur 'MD_DynamicRelease' ne correspond pas Ó la valeur 'MDd_DynamicDebug' in Case.obj
     1>engine.lib(Engine.obj) : error LNK2038: discordance dÚtectÚe pour '_ITERATOR_DEBUG_LEVEL'á: la valeur '0' ne correspond pas Ó la valeur '2' in Case.obj
     1>engine.lib(Engine.obj) : error LNK2038: discordance dÚtectÚe pour 'RuntimeLibrary'á: la valeur 'MD_DynamicRelease' ne correspond pas Ó la valeur 'MDd_DynamicDebug' in Case.obj
     1>engine.lib(ControlEngine.obj) : error LNK2038: discordance dÚtectÚe pour '_ITERATOR_DEBUG_LEVEL'á: la valeur '0' ne correspond pas Ó la valeur '2' in Case.obj
     1>engine.lib(ControlEngine.obj) : error LNK2038: discordance dÚtectÚe pour 'RuntimeLibrary'á: la valeur 'MD_DynamicRelease' ne correspond pas Ó la valeur 'MDd_DynamicDebug' in Case.obj
     1>engine.lib(GraphicEngine.obj) : error LNK2038: discordance dÚtectÚe pour '_ITERATOR_DEBUG_LEVEL'á: la valeur '0' ne correspond pas Ó la valeur '2' in Case.obj
     1>engine.lib(GraphicEngine.obj) : error LNK2038: discordance dÚtectÚe pour 'RuntimeLibrary'á: la valeur 'MD_DynamicRelease' ne correspond pas Ó la valeur 'MDd_DynamicDebug' in Case.obj
     1>LINK : warning LNK4098: conflit entre la bibliothÞque par dÚfaut 'MSVCRT' et les autres bibliothÞquesá; utilisez /NODEFAULTLIB:library
     1>main.obj : error LNK2001: symbole externe non rÚsolu "public: __thiscall MyGraphicEngine::MyGraphicEngine(void)" (??0MyGraphicEngine@@QAE@XZ)
     1>C:\Users\yazide\Desktop\S1\Resolution\Morpion\Debug\Morpion.exe : fatal error LNK1120: 1 externes non rÚsolus
     1>Génération du projet "C:\Users\yazide\Desktop\S1\Resolution\Morpion\Morpion\Morpion.vcxproj" terminée (Build cible(s)) -- ÉCHEC.

ÉCHEC de la build.

Temps écoulé 00:00:18.03
